<?xml version="1.0" encoding="UTF-8"?>
<testsuite xmlns:xsi="http://www.w3.org/2001/XMLSchema-instance" xsi:noNamespaceSchemaLocation="https://maven.apache.org/surefire/maven-surefire-plugin/xsd/surefire-test-report.xsd" version="3.0.2" name="com.tissenza.tissenza_backend.TissenzaBackendApplicationTests" time="47.811" tests="1" errors="0" skipped="0" failures="0" flakes="0">
  <properties>
[...]
</properties>
  <testcase name="contextLoads" classname="com.tissenza.tissenza_backend.TissenzaBackendApplicationTests" time="3.723">
    <system-out><![CDATA[18:37:13.904 [main] INFO org.springframework.test.context.support.AnnotationConfigContextLoaderUtils -- Could not detect default configuration classes for test class [com.tissenza.tissenza_backend.TissenzaBackendApplicationTests]: TissenzaBackendApplicationTests does not declare any static, non-private, non-final, nested classes annotated with @Configuration.
18:37:15.065 [main] INFO org.springframework.boot.test.context.SpringBootTestContextBootstrapper -- Found @SpringBootConfiguration com.tissenza.tissenza_backend.TissenzaBackendApplication for test class com.tissenza.tissenza_backend.TissenzaBackendApplicationTests
18:37:16.380 [main] INFO org.springframework.boot.devtools.restart.RestartApplicationListener -- Restart disabled due to context in which it is running

  .   ____          _            __ _ _
 /\\ / ___'_ __ _ _(_)_ __  __ _ \ \ \ \
( ( )\___ | '_ | '_| | '_ \/ _` | \ \ \ \
 \\/  ___)| |_)| | | | | || (_| |  ) ) ) )
  '  |____| .__|_| |_|_| |_\__, | / / / /
 =========|_|==============|___/=/_/_/_/

 :: Spring Boot ::               (v3.5.13)

2026-04-10T18:37:18.065Z  INFO 17484 --- [tissenza-backend] [           main] c.t.t.TissenzaBackendApplicationTests    : Starting TissenzaBackendApplicationTests using Java 17.0.12 with PID 17484 (started by malick in E:\MASTER1_SIR\OPTIMIX\BACKEND)
2026-04-10T18:37:18.069Z  INFO 17484 --- [tissenza-backend] [           main] c.t.t.TissenzaBackendApplicationTests    : The following 1 profile is active: "test"
2026-04-10T18:37:24.688Z  INFO 17484 --- [tissenza-backend] [           main] .s.d.r.c.RepositoryConfigurationDelegate : Multiple Spring Data modules found, entering strict repository configuration mode
2026-04-10T18:37:24.711Z  INFO 17484 --- [tissenza-backend] [           main] .s.d.r.c.RepositoryConfigurationDelegate : Bootstrapping Spring Data JPA repositories in DEFAULT mode.
2026-04-10T18:37:25.471Z  INFO 17484 --- [tissenza-backend] [           main] .s.d.r.c.RepositoryConfigurationDelegate : Finished Spring Data repository scanning in 701 ms. Found 1 JPA repository interface.
2026-04-10T18:37:25.584Z  INFO 17484 --- [tissenza-backend] [           main] .s.d.r.c.RepositoryConfigurationDelegate : Multiple Spring Data modules found, entering strict repository configuration mode
2026-04-10T18:37:25.587Z  INFO 17484 --- [tissenza-backend] [           main] .s.d.r.c.RepositoryConfigurationDelegate : Bootstrapping Spring Data Redis repositories in DEFAULT mode.
2026-04-10T18:37:25.722Z  INFO 17484 --- [tissenza-backend] [           main] .RepositoryConfigurationExtensionSupport : Spring Data Redis - Could not safely identify store assignment for repository candidate interface com.tissenza.tissenza_backend.auth.repository.AdminRepository; If you want this repository to be a Redis repository, consider annotating your entities with one of these annotations: org.springframework.data.redis.core.RedisHash (preferred), or consider extending one of the following types with your repository: org.springframework.data.keyvalue.repository.KeyValueRepository
2026-04-10T18:37:25.727Z  INFO 17484 --- [tissenza-backend] [           main] .s.d.r.c.RepositoryConfigurationDelegate : Finished Spring Data repository scanning in 42 ms. Found 0 Redis repository interfaces.
2026-04-10T18:37:30.247Z  INFO 17484 --- [tissenza-backend] [           main] o.hibernate.jpa.internal.util.LogHelper  : HHH000204: Processing PersistenceUnitInfo [name: default]
2026-04-10T18:37:30.541Z  INFO 17484 --- [tissenza-backend] [           main] org.hibernate.Version                    : HHH000412: Hibernate ORM core version 6.6.45.Final
2026-04-10T18:37:30.672Z  INFO 17484 --- [tissenza-backend] [           main] o.h.c.internal.RegionFactoryInitiator    : HHH000026: Second-level cache disabled
2026-04-10T18:37:31.942Z  INFO 17484 --- [tissenza-backend] [           main] o.s.o.j.p.SpringPersistenceUnitInfo      : No LoadTimeWeaver setup: ignoring JPA class transformer
2026-04-10T18:37:32.096Z  INFO 17484 --- [tissenza-backend] [           main] com.zaxxer.hikari.HikariDataSource       : HikariPool-1 - Starting...
2026-04-10T18:37:33.028Z  INFO 17484 --- [tissenza-backend] [           main] com.zaxxer.hikari.pool.HikariPool        : HikariPool-1 - Added connection conn0: url=jdbc:h2:mem:tissenza_test user=SA
2026-04-10T18:37:33.034Z  INFO 17484 --- [tissenza-backend] [           main] com.zaxxer.hikari.HikariDataSource       : HikariPool-1 - Start completed.
2026-04-10T18:37:33.288Z  INFO 17484 --- [tissenza-backend] [           main] org.hibernate.orm.connections.pooling    : HHH10001005: Database info:
	Database JDBC URL [Connecting through datasource 'HikariDataSource (HikariPool-1)']
	Database driver: undefined/unknown
	Database version: 2.3.232
	Autocommit mode: undefined/unknown
	Isolation level: undefined/unknown
	Minimum pool size: undefined/unknown
	Maximum pool size: undefined/unknown
2026-04-10T18:37:36.453Z  INFO 17484 --- [tissenza-backend] [           main] o.h.e.t.j.p.i.JtaPlatformInitiator       : HHH000489: No JTA platform available (set 'hibernate.transaction.jta.platform' to enable JTA platform integration)
2026-04-10T18:37:36.466Z  INFO 17484 --- [tissenza-backend] [           main] j.LocalContainerEntityManagerFactoryBean : Initialized JPA EntityManagerFactory for persistence unit 'default'
2026-04-10T18:37:37.971Z  INFO 17484 --- [tissenza-backend] [           main] o.s.d.j.r.query.QueryEnhancerFactory     : Hibernate is in classpath; If applicable, HQL parser will be used.
2026-04-10T18:37:45.919Z  INFO 17484 --- [tissenza-backend] [           main] o.s.b.a.e.web.EndpointLinksResolver      : Exposing 2 endpoints beneath base path '/actuator'
2026-04-10T18:37:46.143Z  WARN 17484 --- [tissenza-backend] [           main] .s.s.UserDetailsServiceAutoConfiguration : 

Using generated security password: 89a4c7fc-bec1-42e7-8173-afb2eeae1f8e

This generated password is for development use only. Your security configuration must be updated before running your application in production.

2026-04-10T18:37:46.202Z  INFO 17484 --- [tissenza-backend] [           main] r$InitializeUserDetailsManagerConfigurer : Global AuthenticationManager configured with UserDetailsService bean with name inMemoryUserDetailsManager
2026-04-10T18:37:55.595Z  INFO 17484 --- [tissenza-backend] [           main] c.t.t.TissenzaBackendApplicationTests    : Started TissenzaBackendApplicationTests in 39.254 seconds (process running for 45.156)
]]></system-out>
  </testcase>
</testsuite>